<?xml version="1.0" encoding="UTF-8"?>
<testng-results ignored="0" total="1" passed="1" failed="0" skipped="0">
  <reporter-output>
  </reporter-output>
  <suite started-at="2026-01-20T14:18:22 IST" name="Surefire suite" finished-at="2026-01-20T14:18:22 IST" duration-ms="53">
    <groups>
    </groups>
    <test started-at="2026-01-20T14:18:22 IST" name="Surefire test" finished-at="2026-01-20T14:18:22 IST" duration-ms="53">
      <class name="api_nov25.coforge_jenkins_jan26.LoginTest">
        <test-method signature="login()[pri:0, instance:api_nov25.coforge_jenkins_jan26.LoginTest@45dd4eda]" started-at="2026-01-20T14:18:22 IST" name="login" finished-at="2026-01-20T14:18:22 IST" duration-ms="15" status="PASS">
          <reporter-output>
          </reporter-output>
        </test-method> <!-- login -->
      </class> <!-- api_nov25.coforge_jenkins_jan26.LoginTest -->
    </test> <!-- Surefire test -->
  </suite> <!-- Surefire suite -->
</testng-results>
