<?xml version="1.0" encoding="UTF-8"?>
<testng-results ignored="0" total="1" passed="1" failed="0" skipped="0">
  <reporter-output>
  </reporter-output>
  <suite started-at="2026-01-20T10:13:13 IST" name="Default suite" finished-at="2026-01-20T10:13:13 IST" duration-ms="68">
    <groups>
    </groups>
    <test started-at="2026-01-20T10:13:13 IST" name="Default test" finished-at="2026-01-20T10:13:13 IST" duration-ms="68">
      <class name="api_nov25.coforge_jenkins_jan26.LoginTest">
        <test-method signature="login()[pri:0, instance:api_nov25.coforge_jenkins_jan26.LoginTest@5876a9af]" started-at="2026-01-20T10:13:13 IST" name="login" finished-at="2026-01-20T10:13:13 IST" duration-ms="11" status="PASS">
          <reporter-output>
          </reporter-output>
        </test-method> <!-- login -->
      </class> <!-- api_nov25.coforge_jenkins_jan26.LoginTest -->
    </test> <!-- Default test -->
  </suite> <!-- Default suite -->
</testng-results>
